This file contains any messages produced by compilers while
running configure, to aid debugging if configure makes a mistake.

It was created by xfce4-taskmanager configure 0.3.2, which was
generated by GNU Autoconf 2.59.  Invocation command line was

  $ ./configure --prefix=/opt/lunar/xfce4/

## --------- ##
## Platform. ##
## --------- ##

hostname = localhost
uname -m = i686
uname -r = 2.6.13.1
uname -s = Linux
uname -v = #1 SMP Wed Oct 19 18:29:16 CEST 2005

/usr/bin/uname -p = unknown
/bin/uname -X     = unknown

/bin/arch              = i686
/usr/bin/arch -k       = unknown
/usr/convex/getsysinfo = unknown
hostinfo               = unknown
/bin/machine           = unknown
/usr/bin/oslevel       = unknown
/bin/universe          = unknown

PATH: /opt/lunar/qt/3/bin
PATH: /opt/lunar/kde/3/bin
PATH: /usr/local/sbin
PATH: /sbin
PATH: /bin
PATH: /usr/sbin
PATH: /usr/bin
PATH: /usr/local/bin
PATH: /usr/X11/bin
PATH: /home/the_hippie/bin
PATH: /usr/local/games
PATH: /usr/games
PATH: /lib/module-init-tools/sbin
PATH: /lib/module-init-tools/bin
PATH: /opt/lunar/xfce4/bin
PATH: .


## ----------- ##
## Core tests. ##
## ----------- ##

configure:1568: checking for a BSD-compatible install
configure:1623: result: /usr/bin/install -c
configure:1634: checking whether build environment is sane
configure:1677: result: yes
configure:1742: checking for gawk
configure:1758: found /bin/gawk
configure:1768: result: gawk
configure:1778: checking whether make sets $(MAKE)
configure:1798: result: yes
configure:1966: checking whether to enable maintainer-specific portions of Makefiles
configure:1975: result: no
configure:2003: checking for style of include used by make
configure:2031: result: GNU
configure:2102: checking for gcc
configure:2118: found /usr/bin/gcc
configure:2128: result: gcc
configure:2372: checking for C compiler version
configure:2375: gcc --version </dev/null >&5
gcc (GCC) 3.3.3
Copyright (C) 2003 Free Software Foundation, Inc.
This is free software; see the source for copying conditions.  There is NO
warranty; not even for MERCHANTABILITY or FITNESS FOR A PARTICULAR PURPOSE.

configure:2378: $? = 0
configure:2380: gcc -v </dev/null >&5
Reading specs from /usr/lib/gcc-lib/i686-pc-linux-gnu/3.3.3/specs
Configured with: ../configure --host=i686-pc-linux-gnu --enable-languages=c++ --prefix=/usr --infodir=/usr/share/info --mandir=/usr/share/man --enable-__cxa_atexit --enable-threads --disable-nls --enable-target-optspace --with-gnu-ld --with-system-zlib --enable-shared
Thread model: posix
gcc version 3.3.3
configure:2383: $? = 0
configure:2385: gcc -V </dev/null >&5
gcc: `-V' option must have argument
configure:2388: $? = 1
configure:2411: checking for C compiler default output file name
configure:2414: gcc    conftest.c  >&5
configure:2417: $? = 0
configure:2463: result: a.out
configure:2468: checking whether the C compiler works
configure:2474: ./a.out
configure:2477: $? = 0
configure:2494: result: yes
configure:2501: checking whether we are cross compiling
configure:2503: result: no
configure:2506: checking for suffix of executables
configure:2508: gcc -o conftest    conftest.c  >&5
configure:2511: $? = 0
configure:2536: result: 
configure:2542: checking for suffix of object files
configure:2563: gcc -c   conftest.c >&5
configure:2566: $? = 0
configure:2588: result: o
configure:2592: checking whether we are using the GNU C compiler
configure:2616: gcc -c   conftest.c >&5
configure:2622: $? = 0
configure:2626: test -z 
			 || test ! -s conftest.err
configure:2629: $? = 0
configure:2632: test -s conftest.o
configure:2635: $? = 0
configure:2648: result: yes
configure:2654: checking whether gcc accepts -g
configure:2675: gcc -c -g  conftest.c >&5
configure:2681: $? = 0
configure:2685: test -z 
			 || test ! -s conftest.err
configure:2688: $? = 0
configure:2691: test -s conftest.o
configure:2694: $? = 0
configure:2705: result: yes
configure:2722: checking for gcc option to accept ANSI C
configure:2792: gcc  -c -g -O2  conftest.c >&5
configure:2798: $? = 0
configure:2802: test -z 
			 || test ! -s conftest.err
configure:2805: $? = 0
configure:2808: test -s conftest.o
configure:2811: $? = 0
configure:2829: result: none needed
configure:2847: gcc -c -g -O2  conftest.c >&5
conftest.c:2: error: parse error before "me"
configure:2853: $? = 1
configure: failed program was:
| #ifndef __cplusplus
|   choke me
| #endif
configure:2988: checking dependency style of gcc
configure:3078: result: gcc3
configure:3101: checking how to run the C preprocessor
configure:3136: gcc -E  conftest.c
configure:3142: $? = 0
configure:3174: gcc -E  conftest.c
conftest.c:11:28: ac_nonexistent.h: No such file or directory
configure:3180: $? = 1
configure: failed program was:
| /* confdefs.h.  */
| 
| #define PACKAGE_NAME "xfce4-taskmanager"
| #define PACKAGE_TARNAME "xfce4-taskmanager"
| #define PACKAGE_VERSION "0.3.2"
| #define PACKAGE_STRING "xfce4-taskmanager 0.3.2"
| #define PACKAGE_BUGREPORT "xfce4-taskmanger@nebulon.de"
| #define PACKAGE "xfce4-taskmanager"
| #define VERSION "0.3.2"
| /* end confdefs.h.  */
| #include <ac_nonexistent.h>
configure:3219: result: gcc -E
configure:3243: gcc -E  conftest.c
configure:3249: $? = 0
configure:3281: gcc -E  conftest.c
conftest.c:11:28: ac_nonexistent.h: No such file or directory
configure:3287: $? = 1
configure: failed program was:
| /* confdefs.h.  */
| 
| #define PACKAGE_NAME "xfce4-taskmanager"
| #define PACKAGE_TARNAME "xfce4-taskmanager"
| #define PACKAGE_VERSION "0.3.2"
| #define PACKAGE_STRING "xfce4-taskmanager 0.3.2"
| #define PACKAGE_BUGREPORT "xfce4-taskmanger@nebulon.de"
| #define PACKAGE "xfce4-taskmanager"
| #define VERSION "0.3.2"
| /* end confdefs.h.  */
| #include <ac_nonexistent.h>
configure:3331: checking for egrep
configure:3341: result: grep -E
configure:3347: checking for AIX
configure:3369: result: no
configure:3375: checking for library containing strerror
configure:3405: gcc -o conftest -g -O2   conftest.c  >&5
configure:3411: $? = 0
configure:3415: test -z 
			 || test ! -s conftest.err
configure:3418: $? = 0
configure:3421: test -s conftest
configure:3424: $? = 0
configure:3494: result: none required
configure:3501: checking for ANSI C header files
configure:3526: gcc -c -g -O2  conftest.c >&5
configure:3532: $? = 0
configure:3536: test -z 
			 || test ! -s conftest.err
configure:3539: $? = 0
configure:3542: test -s conftest.o
configure:3545: $? = 0
configure:3634: gcc -o conftest -g -O2   conftest.c  >&5
configure:3637: $? = 0
configure:3639: ./conftest
configure:3642: $? = 0
configure:3657: result: yes
configure:3681: checking for sys/types.h
configure:3697: gcc -c -g -O2  conftest.c >&5
configure:3703: $? = 0
configure:3707: test -z 
			 || test ! -s conftest.err
configure:3710: $? = 0
configure:3713: test -s conftest.o
configure:3716: $? = 0
configure:3727: result: yes
configure:3681: checking for sys/stat.h
configure:3697: gcc -c -g -O2  conftest.c >&5
configure:3703: $? = 0
configure:3707: test -z 
			 || test ! -s conftest.err
configure:3710: $? = 0
configure:3713: test -s conftest.o
configure:3716: $? = 0
configure:3727: result: yes
configure:3681: checking for stdlib.h
configure:3697: gcc -c -g -O2  conftest.c >&5
configure:3703: $? = 0
configure:3707: test -z 
			 || test ! -s conftest.err
configure:3710: $? = 0
configure:3713: test -s conftest.o
configure:3716: $? = 0
configure:3727: result: yes
configure:3681: checking for string.h
configure:3697: gcc -c -g -O2  conftest.c >&5
configure:3703: $? = 0
configure:3707: test -z 
			 || test ! -s conftest.err
configure:3710: $? = 0
configure:3713: test -s conftest.o
configure:3716: $? = 0
configure:3727: result: yes
configure:3681: checking for memory.h
configure:3697: gcc -c -g -O2  conftest.c >&5
configure:3703: $? = 0
configure:3707: test -z 
			 || test ! -s conftest.err
configure:3710: $? = 0
configure:3713: test -s conftest.o
configure:3716: $? = 0
configure:3727: result: yes
configure:3681: checking for strings.h
configure:3697: gcc -c -g -O2  conftest.c >&5
configure:3703: $? = 0
configure:3707: test -z 
			 || test ! -s conftest.err
configure:3710: $? = 0
configure:3713: test -s conftest.o
configure:3716: $? = 0
configure:3727: result: yes
configure:3681: checking for inttypes.h
configure:3697: gcc -c -g -O2  conftest.c >&5
configure:3703: $? = 0
configure:3707: test -z 
			 || test ! -s conftest.err
configure:3710: $? = 0
configure:3713: test -s conftest.o
configure:3716: $? = 0
configure:3727: result: yes
configure:3681: checking for stdint.h
configure:3697: gcc -c -g -O2  conftest.c >&5
configure:3703: $? = 0
configure:3707: test -z 
			 || test ! -s conftest.err
configure:3710: $? = 0
configure:3713: test -s conftest.o
configure:3716: $? = 0
configure:3727: result: yes
configure:3681: checking for unistd.h
configure:3697: gcc -c -g -O2  conftest.c >&5
configure:3703: $? = 0
configure:3707: test -z 
			 || test ! -s conftest.err
configure:3710: $? = 0
configure:3713: test -s conftest.o
configure:3716: $? = 0
configure:3727: result: yes
configure:3749: checking minix/config.h usability
configure:3761: gcc -c -g -O2  conftest.c >&5
conftest.c:55:26: minix/config.h: No such file or directory
configure:3767: $? = 1
configure: failed program was:
| /* confdefs.h.  */
| 
| #define PACKAGE_NAME "xfce4-taskmanager"
| #define PACKAGE_TARNAME "xfce4-taskmanager"
| #define PACKAGE_VERSION "0.3.2"
| #define PACKAGE_STRING "xfce4-taskmanager 0.3.2"
| #define PACKAGE_BUGREPORT "xfce4-taskmanger@nebulon.de"
| #define PACKAGE "xfce4-taskmanager"
| #define VERSION "0.3.2"
| #define STDC_HEADERS 1
| #define HAVE_SYS_TYPES_H 1
| #define HAVE_SYS_STAT_H 1
| #define HAVE_STDLIB_H 1
| #define HAVE_STRING_H 1
| #define HAVE_MEMORY_H 1
| #define HAVE_STRINGS_H 1
| #define HAVE_INTTYPES_H 1
| #define HAVE_STDINT_H 1
| #define HAVE_UNISTD_H 1
| /* end confdefs.h.  */
| #include <stdio.h>
| #if HAVE_SYS_TYPES_H
| # include <sys/types.h>
| #endif
| #if HAVE_SYS_STAT_H
| # include <sys/stat.h>
| #endif
| #if STDC_HEADERS
| # include <stdlib.h>
| # include <stddef.h>
| #else
| # if HAVE_STDLIB_H
| #  include <stdlib.h>
| # endif
| #endif
| #if HAVE_STRING_H
| # if !STDC_HEADERS && HAVE_MEMORY_H
| #  include <memory.h>
| # endif
| # include <string.h>
| #endif
| #if HAVE_STRINGS_H
| # include <strings.h>
| #endif
| #if HAVE_INTTYPES_H
| # include <inttypes.h>
| #else
| # if HAVE_STDINT_H
| #  include <stdint.h>
| # endif
| #endif
| #if HAVE_UNISTD_H
| # include <unistd.h>
| #endif
| #include <minix/config.h>
configure:3790: result: no
configure:3794: checking minix/config.h presence
configure:3804: gcc -E  conftest.c
conftest.c:21:26: minix/config.h: No such file or directory
configure:3810: $? = 1
configure: failed program was:
| /* confdefs.h.  */
| 
| #define PACKAGE_NAME "xfce4-taskmanager"
| #define PACKAGE_TARNAME "xfce4-taskmanager"
| #define PACKAGE_VERSION "0.3.2"
| #define PACKAGE_STRING "xfce4-taskmanager 0.3.2"
| #define PACKAGE_BUGREPORT "xfce4-taskmanger@nebulon.de"
| #define PACKAGE "xfce4-taskmanager"
| #define VERSION "0.3.2"
| #define STDC_HEADERS 1
| #define HAVE_SYS_TYPES_H 1
| #define HAVE_SYS_STAT_H 1
| #define HAVE_STDLIB_H 1
| #define HAVE_STRING_H 1
| #define HAVE_MEMORY_H 1
| #define HAVE_STRINGS_H 1
| #define HAVE_INTTYPES_H 1
| #define HAVE_STDINT_H 1
| #define HAVE_UNISTD_H 1
| /* end confdefs.h.  */
| #include <minix/config.h>
configure:3830: result: no
configure:3865: checking for minix/config.h
configure:3872: result: no
configure:3948: checking for gcc
configure:3974: result: gcc
configure:4218: checking for C compiler version
configure:4221: gcc --version </dev/null >&5
gcc (GCC) 3.3.3
Copyright (C) 2003 Free Software Foundation, Inc.
This is free software; see the source for copying conditions.  There is NO
warranty; not even for MERCHANTABILITY or FITNESS FOR A PARTICULAR PURPOSE.

configure:4224: $? = 0
configure:4226: gcc -v </dev/null >&5
Reading specs from /usr/lib/gcc-lib/i686-pc-linux-gnu/3.3.3/specs
Configured with: ../configure --host=i686-pc-linux-gnu --enable-languages=c++ --prefix=/usr --infodir=/usr/share/info --mandir=/usr/share/man --enable-__cxa_atexit --enable-threads --disable-nls --enable-target-optspace --with-gnu-ld --with-system-zlib --enable-shared
Thread model: posix
gcc version 3.3.3
configure:4229: $? = 0
configure:4231: gcc -V </dev/null >&5
gcc: `-V' option must have argument
configure:4234: $? = 1
configure:4237: checking whether we are using the GNU C compiler
configure:4293: result: yes
configure:4299: checking whether gcc accepts -g
configure:4350: result: yes
configure:4367: checking for gcc option to accept ANSI C
configure:4474: result: none needed
configure:4492: gcc -c -g -O2  conftest.c >&5
conftest.c:2: error: parse error before "me"
configure:4498: $? = 1
configure: failed program was:
| #ifndef __cplusplus
|   choke me
| #endif
configure:4633: checking dependency style of gcc
configure:4723: result: gcc3
configure:4753: checking for a BSD-compatible install
configure:4808: result: /usr/bin/install -c
configure:4820: checking for ANSI C header files
configure:4976: result: yes
configure:5067: checking build system type
configure:5085: result: i686-pc-linux-gnu
configure:5093: checking host system type
configure:5107: result: i686-pc-linux-gnu
configure:5115: checking for a sed that does not truncate output
configure:5169: result: /bin/sed
configure:5183: checking for ld used by gcc
configure:5250: result: /usr/bin/ld
configure:5259: checking if the linker (/usr/bin/ld) is GNU ld
configure:5274: result: yes
configure:5279: checking for /usr/bin/ld option to reload object files
configure:5286: result: -r
configure:5304: checking for BSD-compatible nm
configure:5346: result: /usr/bin/nm -B
configure:5350: checking whether ln -s works
configure:5354: result: yes
configure:5361: checking how to recognise dependent libraries
configure:5533: result: pass_all
configure:5755: checking dlfcn.h usability
configure:5767: gcc -c -g -O2  conftest.c >&5
configure:5773: $? = 0
configure:5777: test -z 
			 || test ! -s conftest.err
configure:5780: $? = 0
configure:5783: test -s conftest.o
configure:5786: $? = 0
configure:5796: result: yes
configure:5800: checking dlfcn.h presence
configure:5810: gcc -E  conftest.c
configure:5816: $? = 0
configure:5836: result: yes
configure:5871: checking for dlfcn.h
configure:5878: result: yes
configure:5943: checking for g++
configure:5959: found /usr/bin/g++
configure:5969: result: g++
configure:5985: checking for C++ compiler version
configure:5988: g++ --version </dev/null >&5
g++ (GCC) 3.3.3
Copyright (C) 2003 Free Software Foundation, Inc.
This is free software; see the source for copying conditions.  There is NO
warranty; not even for MERCHANTABILITY or FITNESS FOR A PARTICULAR PURPOSE.

configure:5991: $? = 0
configure:5993: g++ -v </dev/null >&5
Reading specs from /usr/lib/gcc-lib/i686-pc-linux-gnu/3.3.3/specs
Configured with: ../configure --host=i686-pc-linux-gnu --enable-languages=c++ --prefix=/usr --infodir=/usr/share/info --mandir=/usr/share/man --enable-__cxa_atexit --enable-threads --disable-nls --enable-target-optspace --with-gnu-ld --with-system-zlib --enable-shared
Thread model: posix
gcc version 3.3.3
configure:5996: $? = 0
configure:5998: g++ -V </dev/null >&5
g++: `-V' option must have argument
configure:6001: $? = 1
configure:6004: checking whether we are using the GNU C++ compiler
configure:6028: g++ -c   conftest.cc >&5
configure:6034: $? = 0
configure:6038: test -z 
			 || test ! -s conftest.err
configure:6041: $? = 0
configure:6044: test -s conftest.o
configure:6047: $? = 0
configure:6060: result: yes
configure:6066: checking whether g++ accepts -g
configure:6087: g++ -c -g  conftest.cc >&5
configure:6093: $? = 0
configure:6097: test -z 
			 || test ! -s conftest.err
configure:6100: $? = 0
configure:6103: test -s conftest.o
configure:6106: $? = 0
configure:6117: result: yes
configure:6159: g++ -c -g -O2  conftest.cc >&5
configure:6165: $? = 0
configure:6169: test -z 
			 || test ! -s conftest.err
configure:6172: $? = 0
configure:6175: test -s conftest.o
configure:6178: $? = 0
configure:6204: g++ -c -g -O2  conftest.cc >&5
conftest.cc: In function `int main()':
conftest.cc:27: error: `exit' undeclared (first use this function)
conftest.cc:27: error: (Each undeclared identifier is reported only once for 
   each function it appears in.)
configure:6210: $? = 1
configure: failed program was:
| /* confdefs.h.  */
| 
| #define PACKAGE_NAME "xfce4-taskmanager"
| #define PACKAGE_TARNAME "xfce4-taskmanager"
| #define PACKAGE_VERSION "0.3.2"
| #define PACKAGE_STRING "xfce4-taskmanager 0.3.2"
| #define PACKAGE_BUGREPORT "xfce4-taskmanger@nebulon.de"
| #define PACKAGE "xfce4-taskmanager"
| #define VERSION "0.3.2"
| #define STDC_HEADERS 1
| #define HAVE_SYS_TYPES_H 1
| #define HAVE_SYS_STAT_H 1
| #define HAVE_STDLIB_H 1
| #define HAVE_STRING_H 1
| #define HAVE_MEMORY_H 1
| #define HAVE_STRINGS_H 1
| #define HAVE_INTTYPES_H 1
| #define HAVE_STDINT_H 1
| #define HAVE_UNISTD_H 1
| #define STDC_HEADERS 1
| #define HAVE_DLFCN_H 1
| /* end confdefs.h.  */
| 
| int
| main ()
| {
| exit (42);
|   ;
|   return 0;
| }
configure:6159: g++ -c -g -O2  conftest.cc >&5
configure:6165: $? = 0
configure:6169: test -z 
			 || test ! -s conftest.err
configure:6172: $? = 0
configure:6175: test -s conftest.o
configure:6178: $? = 0
configure:6204: g++ -c -g -O2  conftest.cc >&5
configure:6210: $? = 0
configure:6214: test -z 
			 || test ! -s conftest.err
configure:6217: $? = 0
configure:6220: test -s conftest.o
configure:6223: $? = 0
configure:6248: checking dependency style of g++
configure:6338: result: gcc3
configure:6365: checking how to run the C++ preprocessor
configure:6396: g++ -E  conftest.cc
configure:6402: $? = 0
configure:6434: g++ -E  conftest.cc
conftest.cc:26:28: ac_nonexistent.h: No such file or directory
configure:6440: $? = 1
configure: failed program was:
| /* confdefs.h.  */
| 
| #define PACKAGE_NAME "xfce4-taskmanager"
| #define PACKAGE_TARNAME "xfce4-taskmanager"
| #define PACKAGE_VERSION "0.3.2"
| #define PACKAGE_STRING "xfce4-taskmanager 0.3.2"
| #define PACKAGE_BUGREPORT "xfce4-taskmanger@nebulon.de"
| #define PACKAGE "xfce4-taskmanager"
| #define VERSION "0.3.2"
| #define STDC_HEADERS 1
| #define HAVE_SYS_TYPES_H 1
| #define HAVE_SYS_STAT_H 1
| #define HAVE_STDLIB_H 1
| #define HAVE_STRING_H 1
| #define HAVE_MEMORY_H 1
| #define HAVE_STRINGS_H 1
| #define HAVE_INTTYPES_H 1
| #define HAVE_STDINT_H 1
| #define HAVE_UNISTD_H 1
| #define STDC_HEADERS 1
| #define HAVE_DLFCN_H 1
| #ifdef __cplusplus
| extern "C" void std::exit (int) throw (); using std::exit;
| #endif
| /* end confdefs.h.  */
| #include <ac_nonexistent.h>
configure:6479: result: g++ -E
configure:6503: g++ -E  conftest.cc
configure:6509: $? = 0
configure:6541: g++ -E  conftest.cc
conftest.cc:26:28: ac_nonexistent.h: No such file or directory
configure:6547: $? = 1
configure: failed program was:
| /* confdefs.h.  */
| 
| #define PACKAGE_NAME "xfce4-taskmanager"
| #define PACKAGE_TARNAME "xfce4-taskmanager"
| #define PACKAGE_VERSION "0.3.2"
| #define PACKAGE_STRING "xfce4-taskmanager 0.3.2"
| #define PACKAGE_BUGREPORT "xfce4-taskmanger@nebulon.de"
| #define PACKAGE "xfce4-taskmanager"
| #define VERSION "0.3.2"
| #define STDC_HEADERS 1
| #define HAVE_SYS_TYPES_H 1
| #define HAVE_SYS_STAT_H 1
| #define HAVE_STDLIB_H 1
| #define HAVE_STRING_H 1
| #define HAVE_MEMORY_H 1
| #define HAVE_STRINGS_H 1
| #define HAVE_INTTYPES_H 1
| #define HAVE_STDINT_H 1
| #define HAVE_UNISTD_H 1
| #define STDC_HEADERS 1
| #define HAVE_DLFCN_H 1
| #ifdef __cplusplus
| extern "C" void std::exit (int) throw (); using std::exit;
| #endif
| /* end confdefs.h.  */
| #include <ac_nonexistent.h>
configure:6644: checking for g77
configure:6673: result: no
configure:6644: checking for f77
configure:6673: result: no
configure:6644: checking for xlf
configure:6673: result: no
configure:6644: checking for frt
configure:6673: result: no
configure:6644: checking for pgf77
configure:6673: result: no
configure:6644: checking for fort77
configure:6673: result: no
configure:6644: checking for fl32
configure:6673: result: no
configure:6644: checking for af77
configure:6673: result: no
configure:6644: checking for f90
configure:6673: result: no
configure:6644: checking for xlf90
configure:6673: result: no
configure:6644: checking for pgf90
configure:6673: result: no
configure:6644: checking for epcf90
configure:6673: result: no
configure:6644: checking for f95
configure:6673: result: no
configure:6644: checking for fort
configure:6673: result: no
configure:6644: checking for xlf95
configure:6673: result: no
configure:6644: checking for ifc
configure:6673: result: no
configure:6644: checking for efc
configure:6673: result: no
configure:6644: checking for pgf95
configure:6673: result: no
configure:6644: checking for lf95
configure:6673: result: no
configure:6644: checking for gfortran
configure:6673: result: no
configure:6685: checking for Fortran 77 compiler version
configure:6688:  --version </dev/null >&5
./configure: line 6689: --version: command not found
configure:6691: $? = 127
configure:6693:  -v </dev/null >&5
./configure: line 6694: -v: command not found
configure:6696: $? = 127
configure:6698:  -V </dev/null >&5
./configure: line 6699: -V: command not found
configure:6701: $? = 127
configure:6709: checking whether we are using the GNU Fortran 77 compiler
configure:6723:  -c  conftest.F >&5
./configure: line 6724: -c: command not found
configure:6729: $? = 127
configure: failed program was:
|       program main
| #ifndef __GNUC__
|        choke me
| #endif
| 
|       end
configure:6755: result: no
configure:6761: checking whether  accepts -g
configure:6773:  -c -g conftest.f >&5
./configure: line 6774: -c: command not found
configure:6779: $? = 127
configure: failed program was:
|       program main
| 
|       end
configure:6804: result: no
configure:6834: checking the maximum length of command line arguments
configure:6926: result: 32768
configure:6937: checking command to parse /usr/bin/nm -B output from gcc object
configure:7033: gcc -c -g -O2  conftest.c >&5
configure:7036: $? = 0
configure:7040: /usr/bin/nm -B conftest.o \| sed -n -e 's/^.*[ 	]\([ABCDGIRSTW][ABCDGIRSTW]*\)[ 	][ 	]*\([_A-Za-z][_A-Za-z0-9]*\)$/\1 \2 \2/p' \> conftest.nm
configure:7043: $? = 0
configure:7095: gcc -o conftest -g -O2   conftest.c conftstm.o >&5
configure:7098: $? = 0
configure:7136: result: ok
configure:7140: checking for objdir
configure:7155: result: .libs
configure:7245: checking for ar
configure:7261: found /usr/bin/ar
configure:7272: result: ar
configure:7325: checking for ranlib
configure:7341: found /usr/bin/ranlib
configure:7352: result: ranlib
configure:7405: checking for strip
configure:7421: found /usr/bin/strip
configure:7432: result: strip
configure:7719: checking if gcc static flag  works
configure:7747: result: yes
configure:7765: checking if gcc supports -fno-rtti -fno-exceptions
configure:7783: gcc -c -g -O2  -fno-rtti -fno-exceptions conftest.c >&5
cc1: warning: "-fno-rtti" is valid for C++ but not for C/ObjC
configure:7787: $? = 0
configure:7800: result: no
configure:7815: checking for gcc option to produce PIC
configure:8019: result: -fPIC
configure:8027: checking if gcc PIC flag -fPIC works
configure:8045: gcc -c -g -O2  -fPIC -DPIC conftest.c >&5
configure:8049: $? = 0
configure:8062: result: yes
configure:8086: checking if gcc supports -c -o file.o
configure:8107: gcc -c -g -O2  -o out/conftest2.o conftest.c >&5
configure:8111: $? = 0
configure:8133: result: yes
configure:8159: checking whether the gcc linker (/usr/bin/ld) supports shared libraries
configure:9055: result: yes
configure:9081: checking whether -lc should be explicitly linked in
configure:9086: gcc -c -g -O2  conftest.c >&5
configure:9089: $? = 0
configure:9103: gcc -shared conftest.o  -v -Wl,-soname -Wl,conftest -o conftest 2\>\&1 \| grep  -lc  \>/dev/null 2\>\&1
configure:9106: $? = 0
configure:9118: result: no
configure:9126: checking dynamic linker characteristics
configure:9672: result: GNU/Linux ld.so
configure:9676: checking how to hardcode library paths into programs
configure:9701: result: immediate
configure:9715: checking whether stripping libraries is possible
configure:9720: result: yes
configure:10550: checking if libtool supports shared libraries
configure:10552: result: yes
configure:10555: checking whether to build shared libraries
configure:10576: result: yes
configure:10579: checking whether to build static libraries
configure:10583: result: no
configure:10675: creating libtool
configure:11253: checking for ld used by g++
configure:11320: result: /usr/bin/ld
configure:11329: checking if the linker (/usr/bin/ld) is GNU ld
configure:11344: result: yes
configure:11395: checking whether the g++ linker (/usr/bin/ld) supports shared libraries
configure:12282: result: yes
configure:12300: g++ -c -g -O2  conftest.cc >&5
configure:12303: $? = 0
configure:12399: checking for g++ option to produce PIC
configure:12667: result: -fPIC
configure:12675: checking if g++ PIC flag -fPIC works
configure:12693: g++ -c -g -O2  -fPIC -DPIC conftest.cc >&5
configure:12697: $? = 0
configure:12710: result: yes
configure:12734: checking if g++ supports -c -o file.o
configure:12755: g++ -c -g -O2  -o out/conftest2.o conftest.cc >&5
configure:12759: $? = 0
configure:12781: result: yes
configure:12807: checking whether the g++ linker (/usr/bin/ld) supports shared libraries
configure:12832: result: yes
configure:12903: checking dynamic linker characteristics
configure:13449: result: GNU/Linux ld.so
configure:13453: checking how to hardcode library paths into programs
configure:13478: result: immediate
configure:13492: checking whether stripping libraries is possible
configure:13497: result: yes
configure:21073: checking for perl
configure:21091: found /usr/bin/perl
configure:21103: result: /usr/bin/perl
configure:21121: checking for XML::Parser
configure:21124: result: ok
configure:21135: checking for iconv
configure:21153: found /usr/bin/iconv
configure:21166: result: /usr/bin/iconv
configure:21175: checking for msgfmt
configure:21193: found /usr/bin/msgfmt
configure:21206: result: /usr/bin/msgfmt
configure:21215: checking for msgmerge
configure:21233: found /usr/bin/msgmerge
configure:21246: result: /usr/bin/msgmerge
configure:21255: checking for xgettext
configure:21273: found /usr/bin/xgettext
configure:21286: result: /usr/bin/xgettext
configure:21344: checking for pkg-config
configure:21362: found /usr/bin/pkg-config
configure:21375: result: /usr/bin/pkg-config
configure:21396: checking for pkg-config >= 0.9.0
configure:21400: result: 0.15.0
configure:21417: checking for libxfcegui4-1.0 >= 4.2.0
configure:21421: result: 4.3.6
configure:21424: checking XFCE4_GUI_CFLAGS
configure:21427: result: -I/usr/X11R6/include -I/opt/lunar/xfce4//include/xfce4 -I/usr/include/gtk-2.0 -I/usr/lib/gtk-2.0/include -I/usr/include/pango-1.0 -I/usr/include/cairo -I/usr/include/glib-2.0 -I/usr/lib/glib-2.0/include -I/usr/include/atk-1.0  
configure:21430: checking XFCE4_GUI_LIBS
configure:21433: result: -L/usr/X11R6/lib -L/opt/lunar/xfce4//lib -lxfcegui4 -lgtk-x11-2.0 -lxfce4util -lgdk-x11-2.0 -latk-1.0 -lgdk_pixbuf-2.0 -lm -lpangocairo-1.0 -lpango-1.0 -lcairo -lgobject-2.0 -lgmodule-2.0 -ldl -lglib-2.0  
configure:21554: checking for gtk+-2.0 >= 2.2.0
configure:21558: result: 2.8.4
configure:21561: checking GTK_CFLAGS
configure:21564: result: -I/usr/include/gtk-2.0 -I/usr/lib/gtk-2.0/include -I/usr/include/atk-1.0 -I/usr/include/cairo -I/usr/include/pango-1.0 -I/usr/include/glib-2.0 -I/usr/lib/glib-2.0/include  
configure:21567: checking GTK_LIBS
configure:21570: result: -lgtk-x11-2.0 -lgdk-x11-2.0 -latk-1.0 -lgdk_pixbuf-2.0 -lm -lpangocairo-1.0 -lpango-1.0 -lcairo -lgobject-2.0 -lgmodule-2.0 -ldl -lglib-2.0  
configure:21635: checking locale.h usability
configure:21647: gcc -c -g -O2  conftest.c >&5
configure:21653: $? = 0
configure:21657: test -z 
			 || test ! -s conftest.err
configure:21660: $? = 0
configure:21663: test -s conftest.o
configure:21666: $? = 0
configure:21676: result: yes
configure:21680: checking locale.h presence
configure:21690: gcc -E  conftest.c
configure:21696: $? = 0
configure:21716: result: yes
configure:21751: checking for locale.h
configure:21758: result: yes
configure:21772: checking for LC_MESSAGES
configure:21793: gcc -o conftest -g -O2   conftest.c  >&5
configure:21799: $? = 0
configure:21803: test -z 
			 || test ! -s conftest.err
configure:21806: $? = 0
configure:21809: test -s conftest
configure:21812: $? = 0
configure:21824: result: yes
configure:21853: checking libintl.h usability
configure:21865: gcc -c -g -O2  conftest.c >&5
configure:21871: $? = 0
configure:21875: test -z 
			 || test ! -s conftest.err
configure:21878: $? = 0
configure:21881: test -s conftest.o
configure:21884: $? = 0
configure:21894: result: yes
configure:21898: checking libintl.h presence
configure:21908: gcc -E  conftest.c
configure:21914: $? = 0
configure:21934: result: yes
configure:21969: checking for libintl.h
configure:21976: result: yes
configure:21987: checking for ngettext in libc
configure:22010: gcc -o conftest -g -O2   conftest.c  >&5
configure:22016: $? = 0
configure:22020: test -z 
			 || test ! -s conftest.err
configure:22023: $? = 0
configure:22026: test -s conftest
configure:22029: $? = 0
configure:22042: result: yes
configure:22046: checking for dgettext in libc
configure:22069: gcc -o conftest -g -O2   conftest.c  >&5
configure:22075: $? = 0
configure:22079: test -z 
			 || test ! -s conftest.err
configure:22082: $? = 0
configure:22085: test -s conftest
configure:22088: $? = 0
configure:22101: result: yes
configure:22110: checking for bind_textdomain_codeset
configure:22167: gcc -o conftest -g -O2   conftest.c  >&5
configure:22173: $? = 0
configure:22177: test -z 
			 || test ! -s conftest.err
configure:22180: $? = 0
configure:22183: test -s conftest
configure:22186: $? = 0
configure:22198: result: yes
configure:22708: checking for msgfmt
configure:22735: result: /usr/bin/msgfmt
configure:22748: checking for dcgettext
configure:22805: gcc -o conftest -g -O2   conftest.c   >&5
configure:22811: $? = 0
configure:22815: test -z 
			 || test ! -s conftest.err
configure:22818: $? = 0
configure:22821: test -s conftest
configure:22824: $? = 0
configure:22836: result: yes
configure:22848: checking for gmsgfmt
configure:22879: result: /usr/bin/msgfmt
configure:22888: checking for xgettext
configure:22915: result: /usr/bin/xgettext
configure:22939: gcc -o conftest -g -O2   conftest.c   >&5
configure:22945: $? = 0
configure:22949: test -z 
			 || test ! -s conftest.err
configure:22952: $? = 0
configure:22955: test -s conftest
configure:22958: $? = 0
configure:23131: checking for catalogs to be installed
configure:23156: result:  de
configure:23189: checking for bind_textdomain_codeset
configure:23277: result: yes
configure:23281: checking for locales directory
configure:23297: result: ${prefix}/share/locale
configure:23301: checking for additional xgettext flags
configure:23309: result: --keyword=Q_
configure:23322: checking whether to build with debugging support
configure:23353: result: no
configure:23368: checking whether to build with profiling support
configure:23376: result: no
configure:23388: checking whether to compile with coverage profiling instrumentation
configure:23395: result: no
configure:23407: checking whether to disable assertions
configure:23415: result: no
configure:23428: checking whether to build final version
configure:23431: result: yes
configure:23433: checking whether /usr/bin/ld accepts -O1
configure:23438: result: yes
configure:23453: checking for an ANSI C-conforming const
configure:23520: gcc -c -g -O2  conftest.c >&5
configure:23526: $? = 0
configure:23530: test -z 
			 || test ! -s conftest.err
configure:23533: $? = 0
configure:23536: test -s conftest.o
configure:23539: $? = 0
configure:23550: result: yes
configure:23700: creating ./config.status

## ---------------------- ##
## Running config.status. ##
## ---------------------- ##

This file was extended by xfce4-taskmanager config.status 0.3.2, which was
generated by GNU Autoconf 2.59.  Invocation command line was

  CONFIG_FILES    = 
  CONFIG_HEADERS  = 
  CONFIG_LINKS    = 
  CONFIG_COMMANDS = 
  $ ./config.status 

on localhost

config.status:778: creating Makefile
config.status:778: creating src/Makefile
config.status:778: creating po/Makefile.in
config.status:882: creating config.h
config.status:1006: config.h is unchanged
config.status:1186: executing depfiles commands
config.status:1186: executing intltool commands
config.status:1186: executing default-1 commands

## ---------------- ##
## Cache variables. ##
## ---------------- ##

ac_cv_build=i686-pc-linux-gnu
ac_cv_build_alias=i686-pc-linux-gnu
ac_cv_c_compiler_gnu=yes
ac_cv_c_const=yes
ac_cv_cxx_compiler_gnu=yes
ac_cv_env_CC_set=
ac_cv_env_CC_value=
ac_cv_env_CFLAGS_set=
ac_cv_env_CFLAGS_value=
ac_cv_env_CPPFLAGS_set=
ac_cv_env_CPPFLAGS_value=
ac_cv_env_CPP_set=
ac_cv_env_CPP_value=
ac_cv_env_CXXCPP_set=
ac_cv_env_CXXCPP_value=
ac_cv_env_CXXFLAGS_set=
ac_cv_env_CXXFLAGS_value=
ac_cv_env_CXX_set=
ac_cv_env_CXX_value=
ac_cv_env_F77_set=
ac_cv_env_F77_value=
ac_cv_env_FFLAGS_set=
ac_cv_env_FFLAGS_value=
ac_cv_env_LDFLAGS_set=
ac_cv_env_LDFLAGS_value=
ac_cv_env_build_alias_set=
ac_cv_env_build_alias_value=
ac_cv_env_host_alias_set=
ac_cv_env_host_alias_value=
ac_cv_env_target_alias_set=
ac_cv_env_target_alias_value=
ac_cv_exeext=
ac_cv_f77_compiler_gnu=no
ac_cv_func_bind_textdomain_codeset=yes
ac_cv_func_dcgettext=yes
ac_cv_header_dlfcn_h=yes
ac_cv_header_inttypes_h=yes
ac_cv_header_libintl_h=yes
ac_cv_header_locale_h=yes
ac_cv_header_memory_h=yes
ac_cv_header_minix_config_h=no
ac_cv_header_stdc=yes
ac_cv_header_stdint_h=yes
ac_cv_header_stdlib_h=yes
ac_cv_header_string_h=yes
ac_cv_header_strings_h=yes
ac_cv_header_sys_stat_h=yes
ac_cv_header_sys_types_h=yes
ac_cv_header_unistd_h=yes
ac_cv_host=i686-pc-linux-gnu
ac_cv_host_alias=i686-pc-linux-gnu
ac_cv_objext=o
ac_cv_path_GMSGFMT=/usr/bin/msgfmt
ac_cv_path_INTLTOOL_ICONV=/usr/bin/iconv
ac_cv_path_INTLTOOL_MSGFMT=/usr/bin/msgfmt
ac_cv_path_INTLTOOL_MSGMERGE=/usr/bin/msgmerge
ac_cv_path_INTLTOOL_PERL=/usr/bin/perl
ac_cv_path_INTLTOOL_XGETTEXT=/usr/bin/xgettext
ac_cv_path_MSGFMT=/usr/bin/msgfmt
ac_cv_path_PKG_CONFIG=/usr/bin/pkg-config
ac_cv_path_XGETTEXT=/usr/bin/xgettext
ac_cv_path_install='/usr/bin/install -c'
ac_cv_prog_AWK=gawk
ac_cv_prog_CPP='gcc -E'
ac_cv_prog_CXXCPP='g++ -E'
ac_cv_prog_ac_ct_AR=ar
ac_cv_prog_ac_ct_CC=gcc
ac_cv_prog_ac_ct_CXX=g++
ac_cv_prog_ac_ct_RANLIB=ranlib
ac_cv_prog_ac_ct_STRIP=strip
ac_cv_prog_cc_g=yes
ac_cv_prog_cc_stdc=
ac_cv_prog_cxx_g=yes
ac_cv_prog_egrep='grep -E'
ac_cv_prog_f77_g=no
ac_cv_prog_make_make_set=yes
ac_cv_search_strerror='none required'
am_cv_CC_dependencies_compiler_type=gcc3
am_cv_CXX_dependencies_compiler_type=gcc3
am_cv_val_LC_MESSAGES=yes
gt_cv_func_dgettext_libc=yes
gt_cv_func_dgettext_libintl=no
gt_cv_func_ngettext_libc=yes
gt_cv_have_gettext=yes
lt_cv_deplibs_check_method=pass_all
lt_cv_file_magic_cmd='$MAGIC_CMD'
lt_cv_file_magic_test_file=
lt_cv_ld_reload_flag=-r
lt_cv_objdir=.libs
lt_cv_path_LD=/usr/bin/ld
lt_cv_path_LDCXX=/usr/bin/ld
lt_cv_path_NM='/usr/bin/nm -B'
lt_cv_path_SED=/bin/sed
lt_cv_prog_compiler_c_o=yes
lt_cv_prog_compiler_c_o_CXX=yes
lt_cv_prog_compiler_rtti_exceptions=no
lt_cv_prog_gnu_ld=yes
lt_cv_prog_gnu_ldcxx=yes
lt_cv_sys_global_symbol_pipe='sed -n -e '\''s/^.*[ 	]\([ABCDGIRSTW][ABCDGIRSTW]*\)[ 	][ 	]*\([_A-Za-z][_A-Za-z0-9]*\)$/\1 \2 \2/p'\'''
lt_cv_sys_global_symbol_to_c_name_address='sed -n -e '\''s/^: \([^ ]*\) $/  {\"\1\", (lt_ptr) 0},/p'\'' -e '\''s/^[BCDEGRST] \([^ ]*\) \([^ ]*\)$/  {"\2", (lt_ptr) \&\2},/p'\'''
lt_cv_sys_global_symbol_to_cdecl='sed -n -e '\''s/^. .* \(.*\)$/extern int \1;/p'\'''
lt_cv_sys_max_cmd_len=32768
lt_lt_cv_prog_compiler_c_o='"yes"'
lt_lt_cv_prog_compiler_c_o_CXX='"yes"'
lt_lt_cv_sys_global_symbol_pipe='"sed -n -e '\''s/^.*[ 	]\\([ABCDGIRSTW][ABCDGIRSTW]*\\)[ 	][ 	]*\\([_A-Za-z][_A-Za-z0-9]*\\)\$/\\1 \\2 \\2/p'\''"'
lt_lt_cv_sys_global_symbol_to_c_name_address='"sed -n -e '\''s/^: \\([^ ]*\\) \$/  {\\\"\\1\\\", (lt_ptr) 0},/p'\'' -e '\''s/^[BCDEGRST] \\([^ ]*\\) \\([^ ]*\\)\$/  {\"\\2\", (lt_ptr) \\&\\2},/p'\''"'
lt_lt_cv_sys_global_symbol_to_cdecl='"sed -n -e '\''s/^. .* \\(.*\\)\$/extern int \\1;/p'\''"'
xdt_cv_PKG_CONFIG_MIN_VERSION=0.9.0
xdt_cv_PKG_CONFIG_VERSION=0.15.0

## ----------------- ##
## Output variables. ##
## ----------------- ##

ACLOCAL='${SHELL} /home/the_hippie/Projekte/xfce4-taskmanager/trunk/missing --run aclocal-1.9'
AMDEPBACKSLASH='\'
AMDEP_FALSE='#'
AMDEP_TRUE=''
AMTAR='${SHELL} /home/the_hippie/Projekte/xfce4-taskmanager/trunk/missing --run tar'
AR='ar'
AUTOCONF='${SHELL} /home/the_hippie/Projekte/xfce4-taskmanager/trunk/missing --run autoconf'
AUTOHEADER='${SHELL} /home/the_hippie/Projekte/xfce4-taskmanager/trunk/missing --run autoheader'
AUTOMAKE='${SHELL} /home/the_hippie/Projekte/xfce4-taskmanager/trunk/missing --run automake-1.9'
AWK='gawk'
CATALOGS=' de.gmo'
CATOBJEXT='.gmo'
CC='gcc'
CCDEPMODE='depmode=gcc3'
CFLAGS='-g -O2'
CPP='gcc -E'
CPPFLAGS=''
CXX='g++'
CXXCPP='g++ -E'
CXXDEPMODE='depmode=gcc3'
CXXFLAGS='-g -O2'
CYGPATH_W='echo'
DATADIRNAME='share'
DEFS='-DHAVE_CONFIG_H'
DEPDIR='.deps'
ECHO='echo'
ECHO_C=''
ECHO_N='-n'
ECHO_T=''
EGREP='grep -E'
EXEEXT=''
F77=''
FFLAGS=''
GETTEXT_PACKAGE='fi'
GMOFILES=' de.gmo'
GMSGFMT='/usr/bin/msgfmt'
GTK_CFLAGS='-I/usr/include/gtk-2.0 -I/usr/lib/gtk-2.0/include -I/usr/include/atk-1.0 -I/usr/include/cairo -I/usr/include/pango-1.0 -I/usr/include/glib-2.0 -I/usr/lib/glib-2.0/include  '
GTK_LIBS='-lgtk-x11-2.0 -lgdk-x11-2.0 -latk-1.0 -lgdk_pixbuf-2.0 -lm -lpangocairo-1.0 -lpango-1.0 -lcairo -lgobject-2.0 -lgmodule-2.0 -ldl -lglib-2.0  '
GTK_REQUIRED_VERSION='2.2.0'
GTK_VERSION='2.8.4'
INSTALL_DATA='${INSTALL} -m 644'
INSTALL_PROGRAM='${INSTALL}'
INSTALL_SCRIPT='${INSTALL}'
INSTALL_STRIP_PROGRAM='${SHELL} $(install_sh) -c -s'
INSTOBJEXT='.mo'
INTLLIBS=''
INTLTOOL_CAVES_RULE='%.caves:     %.caves.in     $(INTLTOOL_MERGE) $(wildcard $(top_srcdir)/po/*.po) ; LC_ALL=C $(INTLTOOL_MERGE) -d -u -c $(top_builddir)/po/.intltool-merge-cache $(top_srcdir)/po $< $@'
INTLTOOL_DESKTOP_RULE='%.desktop:   %.desktop.in   $(INTLTOOL_MERGE) $(wildcard $(top_srcdir)/po/*.po) ; LC_ALL=C $(INTLTOOL_MERGE) -d -u -c $(top_builddir)/po/.intltool-merge-cache $(top_srcdir)/po $< $@'
INTLTOOL_DIRECTORY_RULE='%.directory: %.directory.in $(INTLTOOL_MERGE) $(wildcard $(top_srcdir)/po/*.po) ; LC_ALL=C $(INTLTOOL_MERGE) -d -u -c $(top_builddir)/po/.intltool-merge-cache $(top_srcdir)/po $< $@'
INTLTOOL_EXTRACT='$(top_builddir)/intltool-extract'
INTLTOOL_ICONV='/usr/bin/iconv'
INTLTOOL_KBD_RULE='%.kbd:       %.kbd.in       $(INTLTOOL_MERGE) $(wildcard $(top_srcdir)/po/*.po) ; LC_ALL=C $(INTLTOOL_MERGE) -x -u -m -c $(top_builddir)/po/.intltool-merge-cache $(top_srcdir)/po $< $@'
INTLTOOL_KEYS_RULE='%.keys:      %.keys.in      $(INTLTOOL_MERGE) $(wildcard $(top_srcdir)/po/*.po) ; LC_ALL=C $(INTLTOOL_MERGE) -k -u -c $(top_builddir)/po/.intltool-merge-cache $(top_srcdir)/po $< $@'
INTLTOOL_MERGE='$(top_builddir)/intltool-merge'
INTLTOOL_MSGFMT='/usr/bin/msgfmt'
INTLTOOL_MSGMERGE='/usr/bin/msgmerge'
INTLTOOL_OAF_RULE='%.oaf:       %.oaf.in       $(INTLTOOL_MERGE) $(wildcard $(top_srcdir)/po/*.po) ; LC_ALL=C $(INTLTOOL_MERGE) -o -p $(top_srcdir)/po $< $@'
INTLTOOL_PERL='/usr/bin/perl'
INTLTOOL_PONG_RULE='%.pong:      %.pong.in      $(INTLTOOL_MERGE) $(wildcard $(top_srcdir)/po/*.po) ; LC_ALL=C $(INTLTOOL_MERGE) -x -u -c $(top_builddir)/po/.intltool-merge-cache $(top_srcdir)/po $< $@'
INTLTOOL_PROP_RULE='%.prop:      %.prop.in      $(INTLTOOL_MERGE) $(wildcard $(top_srcdir)/po/*.po) ; LC_ALL=C $(INTLTOOL_MERGE) -d -u -c $(top_builddir)/po/.intltool-merge-cache $(top_srcdir)/po $< $@'
INTLTOOL_SCHEMAS_RULE='%.schemas:   %.schemas.in   $(INTLTOOL_MERGE) $(wildcard $(top_srcdir)/po/*.po) ; LC_ALL=C $(INTLTOOL_MERGE) -s -u -c $(top_builddir)/po/.intltool-merge-cache $(top_srcdir)/po $< $@'
INTLTOOL_SERVER_RULE='%.server:    %.server.in    $(INTLTOOL_MERGE) $(wildcard $(top_srcdir)/po/*.po) ; LC_ALL=C $(INTLTOOL_MERGE) -o -u -c $(top_builddir)/po/.intltool-merge-cache $(top_srcdir)/po $< $@'
INTLTOOL_SHEET_RULE='%.sheet:     %.sheet.in     $(INTLTOOL_MERGE) $(wildcard $(top_srcdir)/po/*.po) ; LC_ALL=C $(INTLTOOL_MERGE) -x -u -c $(top_builddir)/po/.intltool-merge-cache $(top_srcdir)/po $< $@'
INTLTOOL_SOUNDLIST_RULE='%.soundlist: %.soundlist.in $(INTLTOOL_MERGE) $(wildcard $(top_srcdir)/po/*.po) ; LC_ALL=C $(INTLTOOL_MERGE) -d -u -c $(top_builddir)/po/.intltool-merge-cache $(top_srcdir)/po $< $@'
INTLTOOL_THEME_RULE='%.theme:     %.theme.in     $(INTLTOOL_MERGE) $(wildcard $(top_srcdir)/po/*.po) ; LC_ALL=C $(INTLTOOL_MERGE) -d -u -c $(top_builddir)/po/.intltool-merge-cache $(top_srcdir)/po $< $@'
INTLTOOL_UI_RULE='%.ui:        %.ui.in        $(INTLTOOL_MERGE) $(wildcard $(top_srcdir)/po/*.po) ; LC_ALL=C $(INTLTOOL_MERGE) -x -u -c $(top_builddir)/po/.intltool-merge-cache $(top_srcdir)/po $< $@'
INTLTOOL_UPDATE='$(top_builddir)/intltool-update'
INTLTOOL_XAM_RULE='%.xam:       %.xml.in       $(INTLTOOL_MERGE) $(wildcard $(top_srcdir)/po/*.po) ; LC_ALL=C $(INTLTOOL_MERGE) -x -u -c $(top_builddir)/po/.intltool-merge-cache $(top_srcdir)/po $< $@'
INTLTOOL_XGETTEXT='/usr/bin/xgettext'
INTLTOOL_XML_NOMERGE_RULE='%.xml:       %.xml.in       $(INTLTOOL_MERGE) ; LC_ALL=C $(INTLTOOL_MERGE) -x -u /tmp $< $@'
INTLTOOL_XML_RULE='%.xml:       %.xml.in       $(INTLTOOL_MERGE) $(wildcard $(top_srcdir)/po/*.po) ; LC_ALL=C $(INTLTOOL_MERGE) -x -u -c $(top_builddir)/po/.intltool-merge-cache $(top_srcdir)/po $< $@'
LDFLAGS=' -Wl,-O1'
LIBOBJS=''
LIBS=''
LIBTOOL='$(SHELL) $(top_builddir)/libtool'
LN_S='ln -s'
LTLIBOBJS=''
MAINT='#'
MAINTAINER_MODE_FALSE=''
MAINTAINER_MODE_TRUE='#'
MAKEINFO='${SHELL} /home/the_hippie/Projekte/xfce4-taskmanager/trunk/missing --run makeinfo'
MKINSTALLDIRS='./mkinstalldirs'
MSGFMT='/usr/bin/msgfmt'
OBJEXT='o'
PACKAGE='xfce4-taskmanager'
PACKAGE_BUGREPORT='xfce4-taskmanger@nebulon.de'
PACKAGE_NAME='xfce4-taskmanager'
PACKAGE_STRING='xfce4-taskmanager 0.3.2'
PACKAGE_TARNAME='xfce4-taskmanager'
PACKAGE_VERSION='0.3.2'
PATH_SEPARATOR=':'
PKG_CONFIG='/usr/bin/pkg-config'
POFILES=' de.po'
POSUB='po'
PO_IN_DATADIR_FALSE=''
PO_IN_DATADIR_TRUE=''
RANLIB='ranlib'
SET_MAKE=''
SHELL='/bin/sh'
STRIP='strip'
USE_NLS='yes'
VERSION='0.3.2'
XFCE4_GUI_CFLAGS='-I/usr/X11R6/include -I/opt/lunar/xfce4//include/xfce4 -I/usr/include/gtk-2.0 -I/usr/lib/gtk-2.0/include -I/usr/include/pango-1.0 -I/usr/include/cairo -I/usr/include/glib-2.0 -I/usr/lib/glib-2.0/include -I/usr/include/atk-1.0  '
XFCE4_GUI_LIBS='-L/usr/X11R6/lib -L/opt/lunar/xfce4//lib -lxfcegui4 -lgtk-x11-2.0 -lxfce4util -lgdk-x11-2.0 -latk-1.0 -lgdk_pixbuf-2.0 -lm -lpangocairo-1.0 -lpango-1.0 -lcairo -lgobject-2.0 -lgmodule-2.0 -ldl -lglib-2.0  '
XFCE4_GUI_REQUIRED_VERSION='4.2.0'
XFCE4_GUI_VERSION='4.3.6'
XGETTEXT='/usr/bin/xgettext'
XGETTEXT_ARGS='--keyword=Q_'
ac_ct_AR='ar'
ac_ct_CC='gcc'
ac_ct_CXX='g++'
ac_ct_F77=''
ac_ct_RANLIB='ranlib'
ac_ct_STRIP='strip'
am__fastdepCC_FALSE='#'
am__fastdepCC_TRUE=''
am__fastdepCXX_FALSE='#'
am__fastdepCXX_TRUE=''
am__include='include'
am__leading_dot='.'
am__quote=''
am__tar='${AMTAR} chof - "$$tardir"'
am__untar='${AMTAR} xf -'
bindir='${exec_prefix}/bin'
build='i686-pc-linux-gnu'
build_alias=''
build_cpu='i686'
build_os='linux-gnu'
build_vendor='pc'
datadir='${prefix}/share'
exec_prefix='${prefix}'
host='i686-pc-linux-gnu'
host_alias=''
host_cpu='i686'
host_os='linux-gnu'
host_vendor='pc'
includedir='${prefix}/include'
infodir='${prefix}/info'
install_sh='/home/the_hippie/Projekte/xfce4-taskmanager/trunk/install-sh'
libdir='${exec_prefix}/lib'
libexecdir='${exec_prefix}/libexec'
localedir='${prefix}/share/locale'
localstatedir='${prefix}/var'
mandir='${prefix}/man'
mkdir_p='mkdir -p -- .'
oldincludedir='/usr/include'
prefix='/opt/lunar/xfce4/'
program_transform_name='s,x,x,'
sbindir='${exec_prefix}/sbin'
sharedstatedir='${prefix}/com'
sysconfdir='${prefix}/etc'
target_alias=''

## ----------- ##
## confdefs.h. ##
## ----------- ##

#define ENABLE_NLS 1
#define GETTEXT_PACKAGE "fi"
#define HAVE_BIND_TEXTDOMAIN_CODESET 1
#define HAVE_DCGETTEXT 1
#define HAVE_DLFCN_H 1
#define HAVE_GETTEXT 1
#define HAVE_INTTYPES_H 1
#define HAVE_LC_MESSAGES 1
#define HAVE_LOCALE_H 1
#define HAVE_MEMORY_H 1
#define HAVE_STDINT_H 1
#define HAVE_STDLIB_H 1
#define HAVE_STRINGS_H 1
#define HAVE_STRING_H 1
#define HAVE_SYS_STAT_H 1
#define HAVE_SYS_TYPES_H 1
#define HAVE_UNISTD_H 1
#define PACKAGE "xfce4-taskmanager"
#define PACKAGE_BUGREPORT "xfce4-taskmanger@nebulon.de"
#define PACKAGE_NAME "xfce4-taskmanager"
#define PACKAGE_STRING "xfce4-taskmanager 0.3.2"
#define PACKAGE_TARNAME "xfce4-taskmanager"
#define PACKAGE_VERSION "0.3.2"
#define STDC_HEADERS 1
#define STDC_HEADERS 1
#define VERSION "0.3.2"
#endif
#ifdef __cplusplus
extern "C" void std::exit (int) throw (); using std::exit;

configure: exit 0
